<!DOCTYPE html PUBLIC "-//W3C//DTD XHTML 1.1//EN" "http://www.w3.org/TR/xhtml11/DTD/xhtml11.dtd">
<html xmlns="http://www.w3.org/1999/xhtml"><head><title>TestNG Report</title><style type="text/css">table {margin-bottom:10px;border-collapse:collapse;empty-cells:show}th,td {border:1px solid #009;padding:.25em .5em}th {vertical-align:bottom}td {vertical-align:top}table a {font-weight:bold}.stripe td {background-color: #E6EBF9}.num {text-align:right}.passedodd td {background-color: #3F3}.passedeven td {background-color: #0A0}.skippedodd td {background-color: #DDD}.skippedeven td {background-color: #CCC}.failedodd td,.attn {background-color: #F33}.failedeven td,.stripe .attn {background-color: #D00}.stacktrace {white-space:pre;font-family:monospace}.totop {font-size:85%;text-align:center;border-bottom:2px solid #000}</style></head><body><table><tr><th>Test</th><th># Passed</th><th># Skipped</th><th># Failed</th><th>Time (ms)</th><th>Included Groups</th><th>Excluded Groups</th></tr><tr><th colspan="7">Suite</th></tr><tr><td><a href="#t0">Test1</a></td><td class="num">1</td><td class="num">0</td><td class="num">0</td><td class="num">422,941</td><td></td><td></td></tr><tr class="stripe"><td><a href="#t1">Test2</a></td><td class="num">1</td><td class="num">0</td><td class="num">0</td><td class="num">706,376</td><td></td><td></td></tr><tr><td><a href="#t2">VerifyCardMetadata</a></td><td class="num">0</td><td class="num">0</td><td class="num attn">1</td><td class="num">150,646</td><td></td><td></td></tr><tr class="stripe"><td><a href="#t3">VerifyCardTypeInMyStuff</a></td><td class="num">0</td><td class="num">0</td><td class="num attn">1</td><td class="num">50,906</td><td></td><td></td></tr><tr><td><a href="#t4">VerifyCharacterShowCard</a></td><td class="num">0</td><td class="num">0</td><td class="num attn">1</td><td class="num">32,569</td><td></td><td></td></tr><tr class="stripe"><td><a href="#t5">VerifyCharactersInCharactersTray</a></td><td class="num">0</td><td class="num">0</td><td class="num attn">1</td><td class="num">55,014</td><td></td><td></td></tr><tr><td><a href="#t6">VerifyCountOfAssetsInCarousal</a></td><td class="num">0</td><td class="num">0</td><td class="num attn">1</td><td class="num">73,959</td><td></td><td></td></tr><tr class="stripe"><td><a href="#t7">VerifyDisplayCardOrderInCarousal</a></td><td class="num">0</td><td class="num">0</td><td class="num attn">1</td><td class="num">55,028</td><td></td><td></td></tr><tr><td><a href="#t8">VerifyFavouritesTrayAndIcon</a></td><td class="num">0</td><td class="num">0</td><td class="num attn">1</td><td class="num">24,769,489</td><td></td><td></td></tr><tr class="stripe"><td><a href="#t9">VerifyHorizontalSwipeMyStuffWatch</a></td><td class="num">0</td><td class="num">0</td><td class="num attn">1</td><td class="num">60,577</td><td></td><td></td></tr><tr><td><a href="#t10">VerifyLastViewedUI</a></td><td class="num">0</td><td class="num">0</td><td class="num attn">1</td><td class="num">165,545</td><td></td><td></td></tr><tr class="stripe"><td><a href="#t11">Verify1</a></td><td class="num">0</td><td class="num">0</td><td class="num attn">1</td><td class="num">351,652</td><td></td><td></td></tr><tr><td><a href="#t12">Verify2</a></td><td class="num">0</td><td class="num">0</td><td class="num attn">1</td><td class="num">713,645</td><td></td><td></td></tr><tr class="stripe"><td><a href="#t13">Verify3</a></td><td class="num">0</td><td class="num">0</td><td class="num attn">1</td><td class="num">82,662</td><td></td><td></td></tr><tr><td><a href="#t14">Verify4</a></td><td class="num">0</td><td class="num">0</td><td class="num attn">1</td><td class="num">76,764</td><td></td><td></td></tr><tr><th>Total</th><th class="num">2</th><th class="num">0</th><th class="num attn">13</th><th class="num">27,767,773</th><th colspan="2"></th></tr></table><table><thead><tr><th>Class</th><th>Method</th><th>Start</th><th>Time (ms)</th></tr></thead><tbody><tr><th colspan="4">Suite</th></tr></tbody><tbody id="t0"><tr><th colspan="4">Test1 &#8212; passed</th></tr><tr class="passedeven"><td rowspan="1">com.viacom.smoketestscripts.signupFunctionalityCreateProfilePageTest</td><td><a href="#m0">signUpFunctionalityCreateProfilePage</a></td><td rowspan="1">1532615575469</td><td rowspan="1">389792</td></tr></tbody><tbody id="t1"><tr><th colspan="4">Test2 &#8212; passed</th></tr><tr class="passedeven"><td rowspan="1">com.viacom.smoketestscripts.SignupFunctionalityTest</td><td><a href="#m1">signUpFunctionality</a></td><td rowspan="1">1532615976977</td><td rowspan="1">694556</td></tr></tbody><tbody id="t2"><tr><th colspan="4">VerifyCardMetadata &#8212; failed</th></tr><tr class="failedeven"><td rowspan="1">com.viacom.smoketestscripts.VerifyCardMetadata</td><td><a href="#m2">VerifyCardTypeInMyStuff</a></td><td rowspan="1">1532616683355</td><td rowspan="1">138936</td></tr></tbody><tbody id="t3"><tr><th colspan="4">VerifyCardTypeInMyStuff &#8212; failed</th></tr><tr class="failedeven"><td rowspan="1">com.viacom.smoketestscripts.VerifyCardTypeInMyStuff</td><td><a href="#m3">VerifyCardTypeInMyStuff</a></td><td rowspan="1">1532616834006</td><td rowspan="1">39224</td></tr></tbody><tbody id="t4"><tr><th colspan="4">VerifyCharacterShowCard &#8212; failed</th></tr><tr class="failedeven"><td rowspan="1">com.viacom.smoketestscripts.VerifyCharacterShowCard</td><td><a href="#m4">VerifyCharacterShowCard</a></td><td rowspan="1">1532616884964</td><td rowspan="1">20751</td></tr></tbody><tbody id="t5"><tr><th colspan="4">VerifyCharactersInCharactersTray &#8212; failed</th></tr><tr class="failedeven"><td rowspan="1">com.viacom.smoketestscripts.VerifyCharactersInCharactersTray</td><td><a href="#m5">VerifyCharactersInCharactersTray</a></td><td rowspan="1">1532616917485</td><td rowspan="1">43371</td></tr></tbody><tbody id="t6"><tr><th colspan="4">VerifyCountOfAssetsInCarousal &#8212; failed</th></tr><tr class="failedeven"><td rowspan="1">com.viacom.smoketestscripts.VerifyCountOfAssetsInCarousal</td><td><a href="#m6">VerifyCountOfAssetsInCarousal</a></td><td rowspan="1">1532616972450</td><td rowspan="1">62419</td></tr></tbody><tbody id="t7"><tr><th colspan="4">VerifyDisplayCardOrderInCarousal &#8212; failed</th></tr><tr class="failedeven"><td rowspan="1">com.viacom.smoketestscripts.VerifyDisplayCardOrderInCarousal</td><td><a href="#m7">VerifyDisplayCardOrderInCarousal</a></td><td rowspan="1">1532617046468</td><td rowspan="1">43405</td></tr></tbody><tbody id="t8"><tr><th colspan="4">VerifyFavouritesTrayAndIcon &#8212; failed</th></tr><tr class="failedeven"><td rowspan="1">com.viacom.smoketestscripts.VerifyFavouritesTrayAndIcon</td><td><a href="#m8">VerifyLastViewedUI</a></td><td rowspan="1">1532617101503</td><td rowspan="1">24756512</td></tr></tbody><tbody id="t9"><tr><th colspan="4">VerifyHorizontalSwipeMyStuffWatch &#8212; failed</th></tr><tr class="failedeven"><td rowspan="1">com.viacom.smoketestscripts.VerifyHorizontalSwipeMyStuffWatch</td><td><a href="#m9">VerifyHorizontalSwipe</a></td><td rowspan="1">1532641871045</td><td rowspan="1">48692</td></tr></tbody><tbody id="t10"><tr><th colspan="4">VerifyLastViewedUI &#8212; failed</th></tr><tr class="failedeven"><td rowspan="1">com.viacom.smoketestscripts.VerifyLastViewedUI</td><td><a href="#m10">VerifyLastViewedUI</a></td><td rowspan="1">1532641931625</td><td rowspan="1">153605</td></tr></tbody><tbody id="t11"><tr><th colspan="4">Verify1 &#8212; failed</th></tr><tr class="failedeven"><td rowspan="1">com.viacom.smoketestscripts.VootKidsCreateProfileScreenFunctionalityTest</td><td><a href="#m11">loginTest</a></td><td rowspan="1">1532642097177</td><td rowspan="1">339762</td></tr></tbody><tbody id="t12"><tr><th colspan="4">Verify2 &#8212; failed</th></tr><tr class="failedeven"><td rowspan="1">com.viacom.smoketestscripts.VootKidsCreateProfile</td><td><a href="#m12">loginTest</a></td><td rowspan="1">1532642448797</td><td rowspan="1">701684</td></tr></tbody><tbody id="t13"><tr><th colspan="4">Verify3 &#8212; failed</th></tr><tr class="failedeven"><td rowspan="1">com.viacom.smoketestscripts.VerifyEditProfileFunctionalitytest</td><td><a href="#m13">loginTest</a></td><td rowspan="1">1532643162476</td><td rowspan="1">70764</td></tr></tbody><tbody id="t14"><tr><th colspan="4">Verify4 &#8212; failed</th></tr><tr class="failedeven"><td rowspan="1">com.viacom.smoketestscripts.VerifySwitchProfileFunctionalityTest</td><td><a href="#m14">loginTest</a></td><td rowspan="1">1532643245144</td><td rowspan="1">64934</td></tr></tbody></table><h2>Test1</h2><h3 id="m0">com.viacom.smoketestscripts.signupFunctionalityCreateProfilePageTest#signUpFunctionalityCreateProfilePage</h3><table class="result"><tr class="param"><th>Parameter #1</th></tr><tr class="param stripe"><td>{Password=daya123, Runmode=Y, Email=daya123@daya.in

}</td></tr></table><p class="totop"><a href="#summary">back to summary</a></p><h2>Test2</h2><h3 id="m1">com.viacom.smoketestscripts.SignupFunctionalityTest#signUpFunctionality</h3><table class="result"><tr class="param"><th>Parameter #1</th></tr><tr class="param stripe"><td>{Password=rose, Runmode=Y, Email=dayanand.s@ifocussystec.in}</td></tr></table><p class="totop"><a href="#summary">back to summary</a></p><h2>VerifyCardMetadata</h2><h3 id="m2">com.viacom.smoketestscripts.VerifyCardMetadata#VerifyCardTypeInMyStuff</h3><table class="result"><tr class="param"><th>Parameter #1</th></tr><tr class="param stripe"><td>{Password=daya123, Runmode=Y, Email=daya123@daya.in

}</td></tr><tr><th>Exception</th></tr><tr><td><div class="stacktrace">java.lang.AssertionError: 256: Verify the type of cards in Watch tab is is FAIL
	at com.viacom.pagesVersion2.BasePageV2.reportFail(BasePageV2.java:64)
	at com.viacom.smoketestscripts.VerifyCardMetadata.VerifyCardTypeInMyStuff(VerifyCardMetadata.java:197)
... Removed 25 stack frames</div></td></tr></table><p class="totop"><a href="#summary">back to summary</a></p><h2>VerifyCardTypeInMyStuff</h2><h3 id="m3">com.viacom.smoketestscripts.VerifyCardTypeInMyStuff#VerifyCardTypeInMyStuff</h3><table class="result"><tr class="param"><th>Parameter #1</th></tr><tr class="param stripe"><td>{Password=daya123, Runmode=Y, Email=daya123@daya.in

}</td></tr><tr><th>Exception</th></tr><tr><td><div class="stacktrace">java.lang.NullPointerException
	at com.viacom.smoketestscripts.VerifyCardTypeInMyStuff.VerifyCardTypeInMyStuff(VerifyCardTypeInMyStuff.java:61)
... Removed 24 stack frames</div></td></tr></table><p class="totop"><a href="#summary">back to summary</a></p><h2>VerifyCharacterShowCard</h2><h3 id="m4">com.viacom.smoketestscripts.VerifyCharacterShowCard#VerifyCharacterShowCard</h3><table class="result"><tr class="param"><th>Parameter #1</th></tr><tr class="param stripe"><td>{Runmode=Y}</td></tr><tr><th>Exception</th></tr><tr><td><div class="stacktrace">java.lang.AssertionError: Unable to scroll to ALL CHARACTERS section
	at com.viacom.pagesVersion2.BasePageV2.reportFail(BasePageV2.java:64)
	at com.viacom.smoketestscripts.VerifyCharacterShowCard.VerifyCharacterShowCard(VerifyCharacterShowCard.java:70)
... Removed 25 stack frames</div></td></tr></table><p class="totop"><a href="#summary">back to summary</a></p><h2>VerifyCharactersInCharactersTray</h2><h3 id="m5">com.viacom.smoketestscripts.VerifyCharactersInCharactersTray#VerifyCharactersInCharactersTray</h3><table class="result"><tr class="param"><th>Parameter #1</th></tr><tr class="param stripe"><td>{Runmode=Y}</td></tr><tr><th>Exception</th></tr><tr><td><div class="stacktrace">java.lang.AssertionError: Unable to scroll to ALL CHARACTERS section
	at com.viacom.pagesVersion2.BasePageV2.reportFail(BasePageV2.java:64)
	at com.viacom.smoketestscripts.VerifyCharactersInCharactersTray.VerifyCharactersInCharactersTray(VerifyCharactersInCharactersTray.java:92)
... Removed 25 stack frames</div></td></tr></table><p class="totop"><a href="#summary">back to summary</a></p><h2>VerifyCountOfAssetsInCarousal</h2><h3 id="m6">com.viacom.smoketestscripts.VerifyCountOfAssetsInCarousal#VerifyCountOfAssetsInCarousal</h3><table class="result"><tr class="param"><th>Parameter #1</th></tr><tr class="param stripe"><td>{Password=daya123, Runmode=Y, Email=daya123@daya.in

}</td></tr><tr><th>Exception</th></tr><tr><td><div class="stacktrace">org.openqa.selenium.NoSuchElementException: Can&apos;t locate an element by this strategy: By.xpath: //*[contains(@class,&apos;ActionBar&apos;)][@index=&apos;3&apos;]
	at io.appium.java_client.pagefactory.AppiumElementLocator.findElement(AppiumElementLocator.java:126)
	at io.appium.java_client.pagefactory.interceptors.InterceptorOfASingleElement.intercept(InterceptorOfASingleElement.java:60)
	at io.appium.java_client.android.AndroidElement$$EnhancerByCGLIB$$22d95f49.getAttribute(&lt;generated&gt;)
	at com.viacom.smoketestscripts.VerifyCountOfAssetsInCarousal.VerifyCountOfAssetsInCarousal(VerifyCountOfAssetsInCarousal.java:92)
Caused by: org.openqa.selenium.TimeoutException: Expected condition failed: waiting for io.appium.java_client.pagefactory.AppiumElementLocator$WaitingFunction@5b71fb8c (tried for 1 second(s) with 500 milliseconds interval)
	at org.openqa.selenium.support.ui.FluentWait.timeoutException(FluentWait.java:303)
	at org.openqa.selenium.support.ui.FluentWait.until(FluentWait.java:271)
	at io.appium.java_client.pagefactory.AppiumElementLocator.waitFor(AppiumElementLocator.java:99)
	at io.appium.java_client.pagefactory.AppiumElementLocator.findElement(AppiumElementLocator.java:119)
	... 27 more
Caused by: org.openqa.selenium.NoSuchElementException: An element could not be located on the page using the given search parameters.
For documentation on this error, please visit: http://seleniumhq.org/exceptions/no_such_element.html
Build info: version: &apos;3.12.0&apos;, revision: &apos;7c6e0b3&apos;, time: &apos;2018-05-08T15:15:08.936Z&apos;
System info: host: &apos;IFOCUSODC-PC14&apos;, ip: &apos;192.168.1.62&apos;, os.name: &apos;Windows 10&apos;, os.arch: &apos;amd64&apos;, os.version: &apos;10.0&apos;, java.version: &apos;1.8.0_101&apos;
Driver info: io.appium.java_client.android.AndroidDriver
Capabilities {BROWSER_NAME: Android, VERSION: 7.1.1, appActivity: com.tv.vootkids.ui.home.VKH..., appPackage: com.tv.vootkids, autoDismissAlerts: true, databaseEnabled: false, desired: {BROWSER_NAME: Android, VERSION: 7.1.1, appActivity: com.tv.vootkids.ui.home.VKH..., appPackage: com.tv.vootkids, autoDismissAlerts: true, deviceName: Moto E4, fullReset: false, newCommandTimeout: 300, noReset: true, platformName: android, udid: ZW2225DTSJ}, deviceManufacturer: motorola, deviceModel: Moto E (4), deviceName: ZW2225DTSJ, deviceScreenSize: 720x1280, deviceUDID: ZW2225DTSJ, fullReset: false, javascriptEnabled: true, locationContextEnabled: false, networkConnectionEnabled: true, newCommandTimeout: 300, noReset: true, platform: LINUX, platformName: LINUX, platformVersion: 7.1.1, takesScreenshot: true, udid: ZW2225DTSJ, warnings: {}, webStorageEnabled: false}
Session ID: c8922403-8bda-48e4-9619-de8d737d948b
*** Element info: {Using=xpath, value=//*[contains(@class,&apos;ActionBar&apos;)][@index=&apos;3&apos;]}
	at org.openqa.selenium.remote.http.W3CHttpResponseCodec.createException(W3CHttpResponseCodec.java:187)
	at org.openqa.selenium.remote.http.W3CHttpResponseCodec.decode(W3CHttpResponseCodec.java:122)
	at org.openqa.selenium.remote.http.W3CHttpResponseCodec.decode(W3CHttpResponseCodec.java:49)
	at org.openqa.selenium.remote.HttpCommandExecutor.execute(HttpCommandExecutor.java:158)
	at io.appium.java_client.remote.AppiumCommandExecutor.execute(AppiumCommandExecutor.java:218)
	at org.openqa.selenium.remote.RemoteWebDriver.execute(RemoteWebDriver.java:543)
	at io.appium.java_client.DefaultGenericMobileDriver.execute(DefaultGenericMobileDriver.java:42)
	at io.appium.java_client.AppiumDriver.execute(AppiumDriver.java:1)
	at io.appium.java_client.android.AndroidDriver.execute(AndroidDriver.java:1)
	at org.openqa.selenium.remote.RemoteWebDriver.findElement(RemoteWebDriver.java:317)
	at io.appium.java_client.DefaultGenericMobileDriver.findElement(DefaultGenericMobileDriver.java:62)
	at io.appium.java_client.AppiumDriver.findElement(AppiumDriver.java:1)
	at io.appium.java_client.android.AndroidDriver.findElement(AndroidDriver.java:1)
	at org.openqa.selenium.remote.RemoteWebDriver.findElementByXPath(RemoteWebDriver.java:419)
	at io.appium.java_client.DefaultGenericMobileDriver.findElementByXPath(DefaultGenericMobileDriver.java:152)
	at io.appium.java_client.AppiumDriver.findElementByXPath(AppiumDriver.java:1)
	at io.appium.java_client.android.AndroidDriver.findElementByXPath(AndroidDriver.java:1)
	at org.openqa.selenium.By$ByXPath.findElement(By.java:353)
	at org.openqa.selenium.remote.RemoteWebDriver.findElement(RemoteWebDriver.java:309)
	at io.appium.java_client.DefaultGenericMobileDriver.findElement(DefaultGenericMobileDriver.java:58)
	at io.appium.java_client.AppiumDriver.findElement(AppiumDriver.java:1)
	at io.appium.java_client.android.AndroidDriver.findElement(AndroidDriver.java:1)
	at io.appium.java_client.pagefactory.bys.ContentMappedBy.findElement(ContentMappedBy.java:50)
	at org.openqa.selenium.remote.RemoteWebDriver.findElement(RemoteWebDriver.java:309)
	at io.appium.java_client.DefaultGenericMobileDriver.findElement(DefaultGenericMobileDriver.java:58)
	at io.appium.java_client.AppiumDriver.findElement(AppiumDriver.java:1)
	at io.appium.java_client.android.AndroidDriver.findElement(AndroidDriver.java:1)
	at io.appium.java_client.pagefactory.AppiumElementLocator.lambda$0(AppiumElementLocator.java:120)
	at io.appium.java_client.pagefactory.AppiumElementLocator$WaitingFunction.apply(AppiumElementLocator.java:172)
	at io.appium.java_client.pagefactory.AppiumElementLocator$WaitingFunction.apply(AppiumElementLocator.java:1)
	at org.openqa.selenium.support.ui.FluentWait.until(FluentWait.java:248)
	... 29 more
... Removed 27 stack frames</div></td></tr></table><p class="totop"><a href="#summary">back to summary</a></p><h2>VerifyDisplayCardOrderInCarousal</h2><h3 id="m7">com.viacom.smoketestscripts.VerifyDisplayCardOrderInCarousal#VerifyDisplayCardOrderInCarousal</h3><table class="result"><tr class="param"><th>Parameter #1</th></tr><tr class="param stripe"><td>{Password=daya123, Runmode=Y, Email=daya123@daya.in

}</td></tr><tr><th>Exception</th></tr><tr><td><div class="stacktrace">java.lang.AssertionError: Since carousal does not contain 5 cards or contains duplicate cards failing the case
	at com.viacom.pagesVersion2.BasePageV2.reportFail(BasePageV2.java:64)
	at com.viacom.smoketestscripts.VerifyDisplayCardOrderInCarousal.VerifyDisplayCardOrderInCarousal(VerifyDisplayCardOrderInCarousal.java:64)
... Removed 25 stack frames</div></td></tr></table><p class="totop"><a href="#summary">back to summary</a></p><h2>VerifyFavouritesTrayAndIcon</h2><h3 id="m8">com.viacom.smoketestscripts.VerifyFavouritesTrayAndIcon#VerifyLastViewedUI</h3><table class="result"><tr class="param"><th>Parameter #1</th></tr><tr class="param stripe"><td>{Password=daya123, Runmode=Y, Email=daya123@daya.in

}</td></tr><tr><th>Exception</th></tr><tr><td><div class="stacktrace">java.lang.IndexOutOfBoundsException: Index: 0, Size: 0
	at java.util.ArrayList.rangeCheck(Unknown Source)
	at java.util.ArrayList.get(Unknown Source)
	at org.openqa.selenium.support.pagefactory.internal.LocatingElementListHandler.invoke(LocatingElementListHandler.java:39)
	at com.sun.proxy.$Proxy13.get(Unknown Source)
	at com.viacom.smoketestscripts.VerifyFavouritesTrayAndIcon.VerifyLastViewedUI(VerifyFavouritesTrayAndIcon.java:138)
... Removed 28 stack frames</div></td></tr></table><p class="totop"><a href="#summary">back to summary</a></p><h2>VerifyHorizontalSwipeMyStuffWatch</h2><h3 id="m9">com.viacom.smoketestscripts.VerifyHorizontalSwipeMyStuffWatch#VerifyHorizontalSwipe</h3><table class="result"><tr class="param"><th>Parameter #1</th></tr><tr class="param stripe"><td>{Password=daya123, Runmode=Y, Email=daya123@daya.in

}</td></tr><tr><th>Exception</th></tr><tr><td><div class="stacktrace">org.openqa.selenium.NoSuchElementException: An element could not be located on the page using the given search parameters.
For documentation on this error, please visit: http://seleniumhq.org/exceptions/no_such_element.html
Build info: version: &apos;3.12.0&apos;, revision: &apos;7c6e0b3&apos;, time: &apos;2018-05-08T15:15:08.936Z&apos;
System info: host: &apos;IFOCUSODC-PC14&apos;, ip: &apos;192.168.1.62&apos;, os.name: &apos;Windows 10&apos;, os.arch: &apos;amd64&apos;, os.version: &apos;10.0&apos;, java.version: &apos;1.8.0_101&apos;
Driver info: io.appium.java_client.android.AndroidDriver
Capabilities {BROWSER_NAME: Android, VERSION: 7.1.1, appActivity: com.tv.vootkids.ui.home.VKH..., appPackage: com.tv.vootkids, autoDismissAlerts: true, databaseEnabled: false, desired: {BROWSER_NAME: Android, VERSION: 7.1.1, appActivity: com.tv.vootkids.ui.home.VKH..., appPackage: com.tv.vootkids, autoDismissAlerts: true, deviceName: Moto E4, fullReset: false, newCommandTimeout: 300, noReset: true, platformName: android, udid: ZW2225DTSJ}, deviceManufacturer: motorola, deviceModel: Moto E (4), deviceName: ZW2225DTSJ, deviceScreenSize: 720x1280, deviceUDID: ZW2225DTSJ, fullReset: false, javascriptEnabled: true, locationContextEnabled: false, networkConnectionEnabled: true, newCommandTimeout: 300, noReset: true, platform: LINUX, platformName: LINUX, platformVersion: 7.1.1, takesScreenshot: true, udid: ZW2225DTSJ, warnings: {}, webStorageEnabled: false}
Session ID: 2a230a83-b926-4b1e-b9af-504fd6cf3450
*** Element info: {Using=xpath, value=//android.widget.LinearLayout[@index=&apos;0&apos;]/android.widget.FrameLayout[@index=&apos;0&apos;]/android.widget.LinearLayout[@index=&apos;0&apos;]/android.widget.RelativeLayout[@index=&apos;1&apos;]/android.widget.TextView[@index=&apos;1&apos;]}
	at org.openqa.selenium.remote.http.W3CHttpResponseCodec.createException(W3CHttpResponseCodec.java:187)
	at org.openqa.selenium.remote.http.W3CHttpResponseCodec.decode(W3CHttpResponseCodec.java:122)
	at org.openqa.selenium.remote.http.W3CHttpResponseCodec.decode(W3CHttpResponseCodec.java:49)
	at org.openqa.selenium.remote.HttpCommandExecutor.execute(HttpCommandExecutor.java:158)
	at io.appium.java_client.remote.AppiumCommandExecutor.execute(AppiumCommandExecutor.java:218)
	at org.openqa.selenium.remote.RemoteWebDriver.execute(RemoteWebDriver.java:543)
	at io.appium.java_client.DefaultGenericMobileDriver.execute(DefaultGenericMobileDriver.java:42)
	at io.appium.java_client.AppiumDriver.execute(AppiumDriver.java:1)
	at io.appium.java_client.android.AndroidDriver.execute(AndroidDriver.java:1)
	at org.openqa.selenium.remote.RemoteWebDriver.findElement(RemoteWebDriver.java:317)
	at io.appium.java_client.DefaultGenericMobileDriver.findElement(DefaultGenericMobileDriver.java:62)
	at io.appium.java_client.AppiumDriver.findElement(AppiumDriver.java:1)
	at io.appium.java_client.android.AndroidDriver.findElement(AndroidDriver.java:1)
	at org.openqa.selenium.remote.RemoteWebDriver.findElementByXPath(RemoteWebDriver.java:419)
	at io.appium.java_client.DefaultGenericMobileDriver.findElementByXPath(DefaultGenericMobileDriver.java:152)
	at io.appium.java_client.AppiumDriver.findElementByXPath(AppiumDriver.java:1)
	at io.appium.java_client.android.AndroidDriver.findElementByXPath(AndroidDriver.java:1)
	at com.viacom.smoketestscripts.VerifyHorizontalSwipeMyStuffWatch.VerifyHorizontalSwipe(VerifyHorizontalSwipeMyStuffWatch.java:88)
... Removed 27 stack frames</div></td></tr></table><p class="totop"><a href="#summary">back to summary</a></p><h2>VerifyLastViewedUI</h2><h3 id="m10">com.viacom.smoketestscripts.VerifyLastViewedUI#VerifyLastViewedUI</h3><table class="result"><tr class="param"><th>Parameter #1</th></tr><tr class="param stripe"><td>{Password=daya123, Runmode=Y, Email=daya123@daya.in

}</td></tr><tr><th>Exception</th></tr><tr><td><div class="stacktrace">java.lang.AssertionError: 165: Verify the UI of &apos;Last Viewed&apos; section in My Stuff Tab is FAIL
	at com.viacom.pagesVersion2.BasePageV2.reportFail(BasePageV2.java:64)
	at com.viacom.smoketestscripts.VerifyLastViewedUI.VerifyLastViewedUI(VerifyLastViewedUI.java:163)
... Removed 25 stack frames</div></td></tr></table><p class="totop"><a href="#summary">back to summary</a></p><h2>Verify1</h2><h3 id="m11">com.viacom.smoketestscripts.VootKidsCreateProfileScreenFunctionalityTest#loginTest</h3><table class="result"><tr class="param"><th>Parameter #1</th></tr><tr class="param stripe"><td>{Password=vinoth123, Runmode=Y, Email=vinothtest@gmail.com}</td></tr><tr><th>Exception</th></tr><tr><td><div class="stacktrace">java.lang.AssertionError: Not navigated back to Switch Profile Screen
	at com.viacom.pagesVersion2.BasePageV2.reportFail(BasePageV2.java:64)
	at com.viacom.smoketestscripts.VootKidsCreateProfileScreenFunctionalityTest.loginTest(VootKidsCreateProfileScreenFunctionalityTest.java:170)
... Removed 25 stack frames</div></td></tr></table><p class="totop"><a href="#summary">back to summary</a></p><h2>Verify2</h2><h3 id="m12">com.viacom.smoketestscripts.VootKidsCreateProfile#loginTest</h3><table class="result"><tr class="param"><th>Parameter #1</th></tr><tr class="param stripe"><td>{Password=vinoth123, Runmode=Y, Email=vinothtest@gmail.com}</td></tr><tr><th>Exception</th></tr><tr><td><div class="stacktrace">java.lang.AssertionError: Clicking on Back Arrow not navigated to Switch Profile Screen
	at com.viacom.pagesVersion2.BasePageV2.reportFail(BasePageV2.java:64)
	at com.viacom.smoketestscripts.VootKidsCreateProfile.loginTest(VootKidsCreateProfile.java:464)
... Removed 25 stack frames</div></td></tr></table><p class="totop"><a href="#summary">back to summary</a></p><h2>Verify3</h2><h3 id="m13">com.viacom.smoketestscripts.VerifyEditProfileFunctionalitytest#loginTest</h3><table class="result"><tr class="param"><th>Parameter #1</th></tr><tr class="param stripe"><td>{Password=vinoth123, Runmode=Y, Email=vinothtest@gmail.com}</td></tr><tr><th>Exception</th></tr><tr><td><div class="stacktrace">java.lang.AssertionError: Clicking on Back Arrow not navigated to Switch Profile Screen
	at com.viacom.pagesVersion2.BasePageV2.reportFail(BasePageV2.java:64)
	at com.viacom.smoketestscripts.VerifyEditProfileFunctionalitytest.loginTest(VerifyEditProfileFunctionalitytest.java:139)
... Removed 25 stack frames</div></td></tr></table><p class="totop"><a href="#summary">back to summary</a></p><h2>Verify4</h2><h3 id="m14">com.viacom.smoketestscripts.VerifySwitchProfileFunctionalityTest#loginTest</h3><table class="result"><tr class="param"><th>Parameter #1</th></tr><tr class="param stripe"><td>{Password=vinoth123, Runmode=Y, Email=vinothtest@gmail.com}</td></tr><tr><th>Exception</th></tr><tr><td><div class="stacktrace">java.lang.AssertionError: Clicking on Back Arrow not navigated to Switch Profile Screen
	at com.viacom.pagesVersion2.BasePageV2.reportFail(BasePageV2.java:64)
	at com.viacom.smoketestscripts.VerifySwitchProfileFunctionalityTest.loginTest(VerifySwitchProfileFunctionalityTest.java:91)
... Removed 25 stack frames</div></td></tr></table><p class="totop"><a href="#summary">back to summary</a></p></body></html>